Overview of whole program execution metrics:
========================================================================================
   Number of processors |          1 |          4 |          8 |         12 |         16
========================================================================================
Elapsed time (sec)      |       1.33 |       0.41 |       0.27 |       0.24 |       0.29
Speedup                 |       1.00 |       3.25 |       5.00 |       5.54 |       4.66
Efficiency              |       1.00 |       0.81 |       0.63 |       0.46 |       0.29
========================================================================================

Overview of the Efficiency metrics in parallel fraction:
=======================================================================================================
                  Number of processors |          1 |          4 |          8 |         12 |         16
=======================================================================================================
Parallel fraction                      |     99.96% | 
------------------------------------------------------
Global efficiency                      |     99.85% |     81.12% |     62.52% |     46.20% |     29.15%
-- Parallelization strategy efficiency |     99.85% |     95.37% |     92.00% |     70.88% |     50.79%
   -- Load balancing                   |    100.00% |     97.94% |     97.41% |     95.67% |     94.98%
   -- In execution efficiency          |     99.85% |     97.38% |     94.45% |     74.09% |     53.47%
-- Scalability for computation tasks   |    100.00% |     85.06% |     67.96% |     65.18% |     57.40%
   -- IPC scalability                  |    100.00% |     87.34% |     73.50% |     73.34% |     64.75%
   -- Instruction scalability          |    100.00% |     99.80% |     99.54% |     99.29% |     99.03%
   -- Frequency scalability            |    100.00% |     97.58% |     92.88% |     89.51% |     89.52%
=======================================================================================================

Statistics about explicit tasks in parallel fraction
==========================================================================================================================================
                            Number of processors |               1 |               4 |               8 |              12 |              16
==========================================================================================================================================
Number of explicit tasks executed (total)        |          2630.0 |         10520.0 |         21040.0 |         31560.0 |         42080.0
LB (number of explicit tasks executed)           |             1.0 |            0.91 |            0.95 |            0.87 |            0.83
LB (time executing explicit tasks)               |             1.0 |            0.98 |            0.98 |            0.98 |            0.97
Time per explicit task (average)                 |          505.96 |           148.7 |           93.05 |           64.68 |           55.08
Overhead per explicit task (synch %)             |            0.01 |             4.5 |            7.96 |           36.77 |           90.18
Overhead per explicit task (sched %)             |            0.13 |            0.33 |            0.71 |            4.28 |            6.69
Number of taskwait/taskgroup (total)             |           263.0 |           263.0 |           263.0 |           263.0 |           263.0
==========================================================================================================================================

