Overview of whole program execution metrics:
========================================================================================
   Number of processors |          1 |          4 |          8 |         12 |         16
========================================================================================
Elapsed time (sec)      |       1.32 |       0.77 |       0.81 |       1.26 |       1.50
Speedup                 |       1.00 |       1.73 |       1.64 |       1.05 |       0.89
Efficiency              |       1.00 |       0.43 |       0.21 |       0.09 |       0.06
========================================================================================

Overview of the Efficiency metrics in parallel fraction:
=======================================================================================================
                  Number of processors |          1 |          4 |          8 |         12 |         16
=======================================================================================================
Parallel fraction                      |     83.40% | 
------------------------------------------------------
Global efficiency                      |     98.81% |     49.24% |     24.09% |      8.82% |      5.45%
-- Parallelization strategy efficiency |     98.81% |     89.00% |     87.04% |     73.41% |     55.56%
   -- Load balancing                   |    100.00% |     98.35% |     97.72% |     98.14% |     97.63%
   -- In execution efficiency          |     98.81% |     90.50% |     89.07% |     74.80% |     56.91%
-- Scalability for computation tasks   |    100.00% |     55.33% |     27.67% |     12.01% |      9.81%
   -- IPC scalability                  |    100.00% |     68.88% |     50.94% |     39.42% |     40.12%
   -- Instruction scalability          |    100.00% |     98.33% |     96.19% |     94.13% |     92.18%
   -- Frequency scalability            |    100.00% |     81.70% |     56.48% |     32.37% |     26.51%
=======================================================================================================

Statistics about explicit tasks in parallel fraction
==========================================================================================================================================
                            Number of processors |               1 |               4 |               8 |              12 |              16
==========================================================================================================================================
Number of explicit tasks executed (total)        |         17920.0 |         71680.0 |        143360.0 |        215040.0 |        286720.0
LB (number of explicit tasks executed)           |             1.0 |            0.93 |            0.85 |            0.83 |            0.83
LB (time executing explicit tasks)               |             1.0 |            0.99 |            0.98 |            0.98 |            0.98
Time per explicit task (average)                 |           60.85 |           27.51 |           27.51 |           42.26 |           38.82
Overhead per explicit task (synch %)             |            0.16 |           10.81 |           12.86 |           32.53 |           74.17
Overhead per explicit task (sched %)             |            1.04 |            1.53 |            1.99 |            3.66 |             5.8
Number of taskwait/taskgroup (total)             |          1792.0 |          1792.0 |          1792.0 |          1792.0 |          1792.0
==========================================================================================================================================

