Overview of whole program execution metrics:
========================================================================================
   Number of processors |          1 |          4 |          8 |         12 |         16
========================================================================================
Elapsed time (sec)      |       1.25 |       0.56 |       0.45 |       0.41 |       0.37
Speedup                 |       1.00 |       2.22 |       2.79 |       3.08 |       3.40
Efficiency              |       1.00 |       0.55 |       0.35 |       0.26 |       0.21
========================================================================================

Overview of the Efficiency metrics in parallel fraction:
=======================================================================================================
                  Number of processors |          1 |          4 |          8 |         12 |         16
=======================================================================================================
Parallel fraction                      |     83.18% | 
------------------------------------------------------
Global efficiency                      |     99.96% |     76.90% |     58.71% |     52.49% |     44.97%
-- Parallelization strategy efficiency |     99.96% |     96.98% |     96.96% |     96.75% |     97.15%
   -- Load balancing                   |    100.00% |     97.66% |     97.83% |     97.57% |     97.92%
   -- In execution efficiency          |     99.96% |     99.31% |     99.10% |     99.16% |     99.22%
-- Scalability for computation tasks   |    100.00% |     79.30% |     60.55% |     54.26% |     46.29%
   -- IPC scalability                  |    100.00% |     80.05% |     64.76% |     59.61% |     50.98%
   -- Instruction scalability          |    100.00% |     99.99% |     99.98% |     99.97% |     99.96%
   -- Frequency scalability            |    100.00% |     99.07% |     93.53% |     91.04% |     90.84%
=======================================================================================================

Statistics about explicit tasks in parallel fraction
==========================================================================================================================================
                            Number of processors |               1 |               4 |               8 |              12 |              16
==========================================================================================================================================
Number of explicit tasks executed (total)        |            70.0 |           280.0 |           560.0 |           840.0 |          1120.0
LB (number of explicit tasks executed)           |             1.0 |            0.95 |             0.9 |            0.91 |            0.82
LB (time executing explicit tasks)               |             1.0 |            0.98 |            0.99 |            0.98 |            0.98
Time per explicit task (average)                 |         14800.6 |         4665.83 |         3054.92 |         2272.84 |         1998.07
Overhead per explicit task (synch %)             |             0.0 |            3.04 |            3.01 |            3.17 |            2.72
Overhead per explicit task (sched %)             |            0.03 |            0.03 |            0.04 |            0.04 |            0.06
Number of taskwait/taskgroup (total)             |             7.0 |             7.0 |             7.0 |             7.0 |             7.0
==========================================================================================================================================

